[2026-04-02 12:33:27] local.ERROR: View [layouts.main.header] not found. (View: /Users/kevin/Herd/hrbrabant-website-galaxy/galaxy/modules/Website/resources/views/layouts/main.blade.php) (View: /Users/kevin/Herd/hrbrabant-website-galaxy/galaxy/modules/Website/resources/views/layouts/main.blade.php) {"exception":"[object] (Illuminate\\View\\ViewException(code: 0): View [layouts.main.header] not found. (View: /Users/kevin/Herd/hrbrabant-website-galaxy/galaxy/modules/Website/resources/views/layouts/main.blade.php) (View: /Users/kevin/Herd/hrbrabant-website-galaxy/galaxy/modules/Website/resources/views/layouts/main.blade.php) at /Users/kevin/Herd/hrbrabant-website-galaxy/vendor/laravel/framework/src/Illuminate/View/FileViewFinder.php:138)
[stacktrace]
#0 /Users/kevin/Herd/hrbrabant-website-galaxy/vendor/livewire/livewire/src/Mechanisms/ExtendBlade/ExtendedCompilerEngine.php(58): Illuminate\\View\\Engines\\CompilerEngine->handleViewException(Object(Illuminate\\View\\ViewException), 1)
#1 /Users/kevin/Herd/hrbrabant-website-galaxy/vendor/laravel/framework/src/Illuminate/View/Engines/PhpEngine.php(59): Livewire\\Mechanisms\\ExtendBlade\\ExtendedCompilerEngine->handleViewException(Object(Illuminate\\View\\ViewException), 1)
#2 /Users/kevin/Herd/hrbrabant-website-galaxy/vendor/livewire/livewire/src/Mechanisms/ExtendBlade/ExtendedCompilerEngine.php(22): Illuminate\\View\\Engines\\PhpEngine->evaluatePath('/Users/kevin/He...', Array)
#3 /Users/kevin/Herd/hrbrabant-website-galaxy/vendor/laravel/framework/src/Illuminate/View/Engines/CompilerEngine.php(76): Livewire\\Mechanisms\\ExtendBlade\\ExtendedCompilerEngine->evaluatePath('/Users/kevin/He...', Array)
#4 /Users/kevin/Herd/hrbrabant-website-galaxy/vendor/livewire/livewire/src/Mechanisms/ExtendBlade/ExtendedCompilerEngine.php(10): Illuminate\\View\\Engines\\CompilerEngine->get('/Users/kevin/He...', Array)
#5 /Users/kevin/Herd/hrbrabant-website-galaxy/vendor/laravel/framework/src/Illuminate/View/View.php(208): Livewire\\Mechanisms\\ExtendBlade\\ExtendedCompilerEngine->get('/Users/kevin/He...', Array)
#6 /Users/kevin/Herd/hrbrabant-website-galaxy/vendor/laravel/framework/src/Illuminate/View/View.php(191): Illuminate\\View\\View->getContents()
#7 /Users/kevin/Herd/hrbrabant-website-galaxy/vendor/laravel/framework/src/Illuminate/View/View.php(160): Illuminate\\View\\View->renderContents()
#8 /Users/kevin/Herd/hrbrabant-website-galaxy/vendor/laravel/framework/src/Illuminate/Http/Response.php(78): Illuminate\\View\\View->render()
#9 /Users/kevin/Herd/hrbrabant-website-galaxy/vendor/laravel/framework/src/Illuminate/Http/Response.php(34): Illuminate\\Http\\Response->setContent(Object(Illuminate\\View\\View))
#10 /Users/kevin/Herd/hrbrabant-website-galaxy/vendor/laravel/framework/src/Illuminate/Routing/Router.php(939): Illuminate\\Http\\Response->__construct(Object(Illuminate\\View\\View), 200, Array)
#11 /Users/kevin/Herd/hrbrabant-website-galaxy/vendor/laravel/framework/src/Illuminate/Routing/Router.php(906): Illuminate\\Routing\\Router::toResponse(Object(Illuminate\\Http\\Request), Object(Illuminate\\View\\View))
#12 /Users/kevin/Herd/hrbrabant-website-galaxy/vendor/laravel/framework/src/Illuminate/Routing/Router.php(821): Illuminate\\Routing\\Router->prepareResponse(Object(Illuminate\\Http\\Request), Object(Illuminate\\View\\View))
#13 /Users/kevin/Herd/hrbrabant-website-galaxy/vendor/laravel/framework/src/Illuminate/Pipeline/Pipeline.php(180): Illuminate\\Routing\\Router->Illuminate\\Routing\\{closure}(Object(Illuminate\\Http\\Request))
#14 /Users/kevin/Herd/hrbrabant-website-galaxy/galaxy/modules/Website/Http/Middleware/WebsiteRouting.php(22): Illuminate\\Pipeline\\Pipeline->Illuminate\\Pipeline\\{closure}(Object(Illuminate\\Http\\Request))
#15 /Users/kevin/Herd/hrbrabant-website-galaxy/vendor/laravel/framework/src/Illuminate/Pipeline/Pipeline.php(219): Galaxy\\Website\\Http\\Middleware\\WebsiteRouting->handle(Object(Illuminate\\Http\\Request), Object(Closure))
#16 /Users/kevin/Herd/hrbrabant-website-galaxy/vendor/laravel/framework/src/Illuminate/Routing/Middleware/SubstituteBindings.php(50): Illuminate\\Pipeline\\Pipeline->Illuminate\\Pipeline\\{closure}(Object(Illuminate\\Http\\Request))
#17 /Users/kevin/Herd/hrbrabant-website-galaxy/vendor/laravel/framework/src/Illuminate/Pipeline/Pipeline.php(219): Illuminate\\Routing\\Middleware\\SubstituteBindings->handle(Object(Illuminate\\Http\\Request), Object(Closure))
#18 /Users/kevin/Herd/hrbrabant-website-galaxy/galaxy/modules/Crud/Http/Middleware/ReplaceModelLinks.php(14): Illuminate\\Pipeline\\Pipeline->Illuminate\\Pipeline\\{closure}(Object(Illuminate\\Http\\Request))
#19 /Users/kevin/Herd/hrbrabant-website-galaxy/vendor/laravel/framework/src/Illuminate/Pipeline/Pipeline.php(219): Galaxy\\Crud\\Http\\Middleware\\ReplaceModelLinks->handle(Object(Illuminate\\Http\\Request), Object(Closure))
#20 /Users/kevin/Herd/hrbrabant-website-galaxy/galaxy/modules/Core/Http/Middleware/CacheResponse.php(16): Illuminate\\Pipeline\\Pipeline->Illuminate\\Pipeline\\{closure}(Object(Illuminate\\Http\\Request))
#21 /Users/kevin/Herd/hrbrabant-website-galaxy/vendor/laravel/framework/src/Illuminate/Pipeline/Pipeline.php(219): Galaxy\\Core\\Http\\Middleware\\CacheResponse->handle(Object(Illuminate\\Http\\Request), Object(Closure))
#22 /Users/kevin/Herd/hrbrabant-website-galaxy/vendor/laravel/framework/src/Illuminate/View/Middleware/ShareErrorsFromSession.php(48): Illuminate\\Pipeline\\Pipeline->Illuminate\\Pipeline\\{closure}(Object(Illuminate\\Http\\Request))
#23 /Users/kevin/Herd/hrbrabant-website-galaxy/vendor/laravel/framework/src/Illuminate/Pipeline/Pipeline.php(219): Illuminate\\View\\Middleware\\ShareErrorsFromSession->handle(Object(Illuminate\\Http\\Request), Object(Closure))
#24 /Users/kevin/Herd/hrbrabant-website-galaxy/galaxy/modules/Core/Http/Middleware/SentryContext.php(27): Illuminate\\Pipeline\\Pipeline->Illuminate\\Pipeline\\{closure}(Object(Illuminate\\Http\\Request))
#25 /Users/kevin/Herd/hrbrabant-website-galaxy/vendor/laravel/framework/src/Illuminate/Pipeline/Pipeline.php(219): Galaxy\\Core\\Http\\Middleware\\SentryContext->handle(Object(Illuminate\\Http\\Request), Object(Closure))
#26 /Users/kevin/Herd/hrbrabant-website-galaxy/galaxy/modules/Redirect/Http/Middleware/Redirect.php(36): Illuminate\\Pipeline\\Pipeline->Illuminate\\Pipeline\\{closure}(Object(Illuminate\\Http\\Request))
#27 /Users/kevin/Herd/hrbrabant-website-galaxy/vendor/laravel/framework/src/Illuminate/Pipeline/Pipeline.php(219): Galaxy\\Redirect\\Http\\Middleware\\Redirect->handle(Object(Illuminate\\Http\\Request), Object(Closure))
#28 /Users/kevin/Herd/hrbrabant-website-galaxy/vendor/laravel/framework/src/Illuminate/Cookie/Middleware/AddQueuedCookiesToResponse.php(36): Illuminate\\Pipeline\\Pipeline->Illuminate\\Pipeline\\{closure}(Object(Illuminate\\Http\\Request))
#29 /Users/kevin/Herd/hrbrabant-website-galaxy/vendor/laravel/framework/src/Illuminate/Pipeline/Pipeline.php(219): Illuminate\\Cookie\\Middleware\\AddQueuedCookiesToResponse->handle(Object(Illuminate\\Http\\Request), Object(Closure))
#30 /Users/kevin/Herd/hrbrabant-website-galaxy/vendor/laravel/framework/src/Illuminate/Cookie/Middleware/EncryptCookies.php(74): Illuminate\\Pipeline\\Pipeline->Illuminate\\Pipeline\\{closure}(Object(Illuminate\\Http\\Request))
#31 /Users/kevin/Herd/hrbrabant-website-galaxy/vendor/laravel/framework/src/Illuminate/Pipeline/Pipeline.php(219): Illuminate\\Cookie\\Middleware\\EncryptCookies->handle(Object(Illuminate\\Http\\Request), Object(Closure))
#32 /Users/kevin/Herd/hrbrabant-website-galaxy/vendor/laravel/framework/src/Illuminate/Pipeline/Pipeline.php(137): Illuminate\\Pipeline\\Pipeline->Illuminate\\Pipeline\\{closure}(Object(Illuminate\\Http\\Request))
#33 /Users/kevin/Herd/hrbrabant-website-galaxy/vendor/laravel/framework/src/Illuminate/Routing/Router.php(821): Illuminate\\Pipeline\\Pipeline->then(Object(Closure))
#34 /Users/kevin/Herd/hrbrabant-website-galaxy/vendor/laravel/framework/src/Illuminate/Routing/Router.php(800): Illuminate\\Routing\\Router->runRouteWithinStack(Object(Illuminate\\Routing\\Route), Object(Illuminate\\Http\\Request))
#35 /Users/kevin/Herd/hrbrabant-website-galaxy/vendor/laravel/framework/src/Illuminate/Routing/Router.php(764): Illuminate\\Routing\\Router->runRoute(Object(Illuminate\\Http\\Request), Object(Illuminate\\Routing\\Route))
#36 /Users/kevin/Herd/hrbrabant-website-galaxy/vendor/laravel/framework/src/Illuminate/Routing/Router.php(753): Illuminate\\Routing\\Router->dispatchToRoute(Object(Illuminate\\Http\\Request))
#37 /Users/kevin/Herd/hrbrabant-website-galaxy/vendor/laravel/framework/src/Illuminate/Foundation/Http/Kernel.php(200): Illuminate\\Routing\\Router->dispatch(Object(Illuminate\\Http\\Request))
#38 /Users/kevin/Herd/hrbrabant-website-galaxy/vendor/laravel/framework/src/Illuminate/Pipeline/Pipeline.php(180): Illuminate\\Foundation\\Http\\Kernel->Illuminate\\Foundation\\Http\\{closure}(Object(Illuminate\\Http\\Request))
#39 /Users/kevin/Herd/hrbrabant-website-galaxy/vendor/livewire/livewire/src/Features/SupportDisablingBackButtonCache/DisableBackButtonCacheMiddleware.php(19): Illuminate\\Pipeline\\Pipeline->Illuminate\\Pipeline\\{closure}(Object(Illuminate\\Http\\Request))
#40 /Users/kevin/Herd/hrbrabant-website-galaxy/vendor/laravel/framework/src/Illuminate/Pipeline/Pipeline.php(219): Livewire\\Features\\SupportDisablingBackButtonCache\\DisableBackButtonCacheMiddleware->handle(Object(Illuminate\\Http\\Request), Object(Closure))
#41 /Users/kevin/Herd/hrbrabant-website-galaxy/galaxy/modules/Redirect/Http/Middleware/Redirect.php(36): Illuminate\\Pipeline\\Pipeline->Illuminate\\Pipeline\\{closure}(Object(Illuminate\\Http\\Request))
#42 /Users/kevin/Herd/hrbrabant-website-galaxy/vendor/laravel/framework/src/Illuminate/Pipeline/Pipeline.php(219): Galaxy\\Redirect\\Http\\Middleware\\Redirect->handle(Object(Illuminate\\Http\\Request), Object(Closure))
#43 /Users/kevin/Herd/hrbrabant-website-galaxy/vendor/laravel/framework/src/Illuminate/Session/Middleware/StartSession.php(120): Illuminate\\Pipeline\\Pipeline->Illuminate\\Pipeline\\{closure}(Object(Illuminate\\Http\\Request))
#44 /Users/kevin/Herd/hrbrabant-website-galaxy/vendor/laravel/framework/src/Illuminate/Session/Middleware/StartSession.php(63): Illuminate\\Session\\Middleware\\StartSession->handleStatefulRequest(Object(Illuminate\\Http\\Request), Object(Illuminate\\Session\\Store), Object(Closure))
#45 /Users/kevin/Herd/hrbrabant-website-galaxy/vendor/laravel/framework/src/Illuminate/Pipeline/Pipeline.php(219): Illuminate\\Session\\Middleware\\StartSession->handle(Object(Illuminate\\Http\\Request), Object(Closure))
#46 /Users/kevin/Herd/hrbrabant-website-galaxy/vendor/laravel/framework/src/Illuminate/Http/Middleware/HandleCors.php(61): Illuminate\\Pipeline\\Pipeline->Illuminate\\Pipeline\\{closure}(Object(Illuminate\\Http\\Request))
#47 /Users/kevin/Herd/hrbrabant-website-galaxy/vendor/laravel/framework/src/Illuminate/Pipeline/Pipeline.php(219): Illuminate\\Http\\Middleware\\HandleCors->handle(Object(Illuminate\\Http\\Request), Object(Closure))
#48 /Users/kevin/Herd/hrbrabant-website-galaxy/vendor/laravel/framework/src/Illuminate/Http/Middleware/TrustProxies.php(58): Illuminate\\Pipeline\\Pipeline->Illuminate\\Pipeline\\{closure}(Object(Illuminate\\Http\\Request))
#49 /Users/kevin/Herd/hrbrabant-website-galaxy/vendor/laravel/framework/src/Illuminate/Pipeline/Pipeline.php(219): Illuminate\\Http\\Middleware\\TrustProxies->handle(Object(Illuminate\\Http\\Request), Object(Closure))
#50 /Users/kevin/Herd/hrbrabant-website-galaxy/vendor/laravel/framework/src/Illuminate/Foundation/Http/Middleware/TransformsRequest.php(21): Illuminate\\Pipeline\\Pipeline->Illuminate\\Pipeline\\{closure}(Object(Illuminate\\Http\\Request))
#51 /Users/kevin/Herd/hrbrabant-website-galaxy/vendor/laravel/framework/src/Illuminate/Foundation/Http/Middleware/ConvertEmptyStringsToNull.php(31): Illuminate\\Foundation\\Http\\Middleware\\TransformsRequest->handle(Object(Illuminate\\Http\\Request), Object(Closure))
#52 /Users/kevin/Herd/hrbrabant-website-galaxy/vendor/laravel/framework/src/Illuminate/Pipeline/Pipeline.php(219): Illuminate\\Foundation\\Http\\Middleware\\ConvertEmptyStringsToNull->handle(Object(Illuminate\\Http\\Request), Object(Closure))
#53 /Users/kevin/Herd/hrbrabant-website-galaxy/vendor/laravel/framework/src/Illuminate/Foundation/Http/Middleware/TransformsRequest.php(21): Illuminate\\Pipeline\\Pipeline->Illuminate\\Pipeline\\{closure}(Object(Illuminate\\Http\\Request))
#54 /Users/kevin/Herd/hrbrabant-website-galaxy/vendor/laravel/framework/src/Illuminate/Foundation/Http/Middleware/TrimStrings.php(51): Illuminate\\Foundation\\Http\\Middleware\\TransformsRequest->handle(Object(Illuminate\\Http\\Request), Object(Closure))
#55 /Users/kevin/Herd/hrbrabant-website-galaxy/vendor/laravel/framework/src/Illuminate/Pipeline/Pipeline.php(219): Illuminate\\Foundation\\Http\\Middleware\\TrimStrings->handle(Object(Illuminate\\Http\\Request), Object(Closure))
#56 /Users/kevin/Herd/hrbrabant-website-galaxy/vendor/laravel/framework/src/Illuminate/Http/Middleware/ValidatePostSize.php(27): Illuminate\\Pipeline\\Pipeline->Illuminate\\Pipeline\\{closure}(Object(Illuminate\\Http\\Request))
#57 /Users/kevin/Herd/hrbrabant-website-galaxy/vendor/laravel/framework/src/Illuminate/Pipeline/Pipeline.php(219): Illuminate\\Http\\Middleware\\ValidatePostSize->handle(Object(Illuminate\\Http\\Request), Object(Closure))
#58 /Users/kevin/Herd/hrbrabant-website-galaxy/vendor/laravel/framework/src/Illuminate/Foundation/Http/Middleware/PreventRequestsDuringMaintenance.php(109): Illuminate\\Pipeline\\Pipeline->Illuminate\\Pipeline\\{closure}(Object(Illuminate\\Http\\Request))
#59 /Users/kevin/Herd/hrbrabant-website-galaxy/vendor/laravel/framework/src/Illuminate/Pipeline/Pipeline.php(219): Illuminate\\Foundation\\Http\\Middleware\\PreventRequestsDuringMaintenance->handle(Object(Illuminate\\Http\\Request), Object(Closure))
#60 /Users/kevin/Herd/hrbrabant-website-galaxy/vendor/itsgoingd/clockwork/Clockwork/Support/Laravel/ClockworkMiddleware.php(24): Illuminate\\Pipeline\\Pipeline->Illuminate\\Pipeline\\{closure}(Object(Illuminate\\Http\\Request))
#61 /Users/kevin/Herd/hrbrabant-website-galaxy/vendor/laravel/framework/src/Illuminate/Pipeline/Pipeline.php(219): Clockwork\\Support\\Laravel\\ClockworkMiddleware->handle(Object(Illuminate\\Http\\Request), Object(Closure))
#62 /Users/kevin/Herd/hrbrabant-website-galaxy/vendor/laravel/framework/src/Illuminate/Pipeline/Pipeline.php(137): Illuminate\\Pipeline\\Pipeline->Illuminate\\Pipeline\\{closure}(Object(Illuminate\\Http\\Request))
#63 /Users/kevin/Herd/hrbrabant-website-galaxy/vendor/laravel/framework/src/Illuminate/Foundation/Http/Kernel.php(175): Illuminate\\Pipeline\\Pipeline->then(Object(Closure))
#64 /Users/kevin/Herd/hrbrabant-website-galaxy/vendor/laravel/framework/src/Illuminate/Foundation/Http/Kernel.php(144): Illuminate\\Foundation\\Http\\Kernel->sendRequestThroughRouter(Object(Illuminate\\Http\\Request))
#65 /Users/kevin/Herd/hrbrabant-website-galaxy/public/index.php(51): Illuminate\\Foundation\\Http\\Kernel->handle(Object(Illuminate\\Http\\Request))
#66 /Applications/Herd.app/Contents/Resources/valet/server.php(167): require('/Users/kevin/He...')
#67 {main}

[previous exception] [object] (Illuminate\\View\\ViewException(code: 0): View [layouts.main.header] not found. (View: /Users/kevin/Herd/hrbrabant-website-galaxy/galaxy/modules/Website/resources/views/layouts/main.blade.php) at /Users/kevin/Herd/hrbrabant-website-galaxy/vendor/laravel/framework/src/Illuminate/View/FileViewFinder.php:138)
[stacktrace]
#0 /Users/kevin/Herd/hrbrabant-website-galaxy/vendor/livewire/livewire/src/Mechanisms/ExtendBlade/ExtendedCompilerEngine.php(58): Illuminate\\View\\Engines\\CompilerEngine->handleViewException(Object(InvalidArgumentException), 2)
#1 /Users/kevin/Herd/hrbrabant-website-galaxy/vendor/laravel/framework/src/Illuminate/View/Engines/PhpEngine.php(59): Livewire\\Mechanisms\\ExtendBlade\\ExtendedCompilerEngine->handleViewException(Object(InvalidArgumentException), 2)
#2 /Users/kevin/Herd/hrbrabant-website-galaxy/vendor/livewire/livewire/src/Mechanisms/ExtendBlade/ExtendedCompilerEngine.php(22): Illuminate\\View\\Engines\\PhpEngine->evaluatePath('/Users/kevin/He...', Array)
#3 /Users/kevin/Herd/hrbrabant-website-galaxy/vendor/laravel/framework/src/Illuminate/View/Engines/CompilerEngine.php(76): Livewire\\Mechanisms\\ExtendBlade\\ExtendedCompilerEngine->evaluatePath('/Users/kevin/He...', Array)
#4 /Users/kevin/Herd/hrbrabant-website-galaxy/vendor/livewire/livewire/src/Mechanisms/ExtendBlade/ExtendedCompilerEngine.php(10): Illuminate\\View\\Engines\\CompilerEngine->get('/Users/kevin/He...', Array)
#5 /Users/kevin/Herd/hrbrabant-website-galaxy/vendor/laravel/framework/src/Illuminate/View/View.php(208): Livewire\\Mechanisms\\ExtendBlade\\ExtendedCompilerEngine->get('/Users/kevin/He...', Array)
#6 /Users/kevin/Herd/hrbrabant-website-galaxy/vendor/laravel/framework/src/Illuminate/View/View.php(191): Illuminate\\View\\View->getContents()
#7 /Users/kevin/Herd/hrbrabant-website-galaxy/vendor/laravel/framework/src/Illuminate/View/View.php(160): Illuminate\\View\\View->renderContents()
#8 /Users/kevin/Herd/hrbrabant-website-galaxy/storage/framework/views/b5a1451ed25f65b1ce862df08f98c88a.php(33): Illuminate\\View\\View->render()
#9 /Users/kevin/Herd/hrbrabant-website-galaxy/vendor/laravel/framework/src/Illuminate/Filesystem/Filesystem.php(123): require('/Users/kevin/He...')
#10 /Users/kevin/Herd/hrbrabant-website-galaxy/vendor/laravel/framework/src/Illuminate/Filesystem/Filesystem.php(124): Illuminate\\Filesystem\\Filesystem::Illuminate\\Filesystem\\{closure}()
#11 /Users/kevin/Herd/hrbrabant-website-galaxy/vendor/laravel/framework/src/Illuminate/View/Engines/PhpEngine.php(57): Illuminate\\Filesystem\\Filesystem->getRequire('/Users/kevin/He...', Array)
#12 /Users/kevin/Herd/hrbrabant-website-galaxy/vendor/livewire/livewire/src/Mechanisms/ExtendBlade/ExtendedCompilerEngine.php(22): Illuminate\\View\\Engines\\PhpEngine->evaluatePath('/Users/kevin/He...', Array)
#13 /Users/kevin/Herd/hrbrabant-website-galaxy/vendor/laravel/framework/src/Illuminate/View/Engines/CompilerEngine.php(76): Livewire\\Mechanisms\\ExtendBlade\\ExtendedCompilerEngine->evaluatePath('/Users/kevin/He...', Array)
#14 /Users/kevin/Herd/hrbrabant-website-galaxy/vendor/livewire/livewire/src/Mechanisms/ExtendBlade/ExtendedCompilerEngine.php(10): Illuminate\\View\\Engines\\CompilerEngine->get('/Users/kevin/He...', Array)
#15 /Users/kevin/Herd/hrbrabant-website-galaxy/vendor/laravel/framework/src/Illuminate/View/View.php(208): Livewire\\Mechanisms\\ExtendBlade\\ExtendedCompilerEngine->get('/Users/kevin/He...', Array)
#16 /Users/kevin/Herd/hrbrabant-website-galaxy/vendor/laravel/framework/src/Illuminate/View/View.php(191): Illuminate\\View\\View->getContents()
#17 /Users/kevin/Herd/hrbrabant-website-galaxy/vendor/laravel/framework/src/Illuminate/View/View.php(160): Illuminate\\View\\View->renderContents()
#18 /Users/kevin/Herd/hrbrabant-website-galaxy/vendor/laravel/framework/src/Illuminate/Http/Response.php(78): Illuminate\\View\\View->render()
#19 /Users/kevin/Herd/hrbrabant-website-galaxy/vendor/laravel/framework/src/Illuminate/Http/Response.php(34): Illuminate\\Http\\Response->setContent(Object(Illuminate\\View\\View))
#20 /Users/kevin/Herd/hrbrabant-website-galaxy/vendor/laravel/framework/src/Illuminate/Routing/Router.php(939): Illuminate\\Http\\Response->__construct(Object(Illuminate\\View\\View), 200, Array)
#21 /Users/kevin/Herd/hrbrabant-website-galaxy/vendor/laravel/framework/src/Illuminate/Routing/Router.php(906): Illuminate\\Routing\\Router::toResponse(Object(Illuminate\\Http\\Request), Object(Illuminate\\View\\View))
#22 /Users/kevin/Herd/hrbrabant-website-galaxy/vendor/laravel/framework/src/Illuminate/Routing/Router.php(821): Illuminate\\Routing\\Router->prepareResponse(Object(Illuminate\\Http\\Request), Object(Illuminate\\View\\View))
#23 /Users/kevin/Herd/hrbrabant-website-galaxy/vendor/laravel/framework/src/Illuminate/Pipeline/Pipeline.php(180): Illuminate\\Routing\\Router->Illuminate\\Routing\\{closure}(Object(Illuminate\\Http\\Request))
#24 /Users/kevin/Herd/hrbrabant-website-galaxy/galaxy/modules/Website/Http/Middleware/WebsiteRouting.php(22): Illuminate\\Pipeline\\Pipeline->Illuminate\\Pipeline\\{closure}(Object(Illuminate\\Http\\Request))
#25 /Users/kevin/Herd/hrbrabant-website-galaxy/vendor/laravel/framework/src/Illuminate/Pipeline/Pipeline.php(219): Galaxy\\Website\\Http\\Middleware\\WebsiteRouting->handle(Object(Illuminate\\Http\\Request), Object(Closure))
#26 /Users/kevin/Herd/hrbrabant-website-galaxy/vendor/laravel/framework/src/Illuminate/Routing/Middleware/SubstituteBindings.php(50): Illuminate\\Pipeline\\Pipeline->Illuminate\\Pipeline\\{closure}(Object(Illuminate\\Http\\Request))
#27 /Users/kevin/Herd/hrbrabant-website-galaxy/vendor/laravel/framework/src/Illuminate/Pipeline/Pipeline.php(219): Illuminate\\Routing\\Middleware\\SubstituteBindings->handle(Object(Illuminate\\Http\\Request), Object(Closure))
#28 /Users/kevin/Herd/hrbrabant-website-galaxy/galaxy/modules/Crud/Http/Middleware/ReplaceModelLinks.php(14): Illuminate\\Pipeline\\Pipeline->Illuminate\\Pipeline\\{closure}(Object(Illuminate\\Http\\Request))
#29 /Users/kevin/Herd/hrbrabant-website-galaxy/vendor/laravel/framework/src/Illuminate/Pipeline/Pipeline.php(219): Galaxy\\Crud\\Http\\Middleware\\ReplaceModelLinks->handle(Object(Illuminate\\Http\\Request), Object(Closure))
#30 /Users/kevin/Herd/hrbrabant-website-galaxy/galaxy/modules/Core/Http/Middleware/CacheResponse.php(16): Illuminate\\Pipeline\\Pipeline->Illuminate\\Pipeline\\{closure}(Object(Illuminate\\Http\\Request))
#31 /Users/kevin/Herd/hrbrabant-website-galaxy/vendor/laravel/framework/src/Illuminate/Pipeline/Pipeline.php(219): Galaxy\\Core\\Http\\Middleware\\CacheResponse->handle(Object(Illuminate\\Http\\Request), Object(Closure))
#32 /Users/kevin/Herd/hrbrabant-website-galaxy/vendor/laravel/framework/src/Illuminate/View/Middleware/ShareErrorsFromSession.php(48): Illuminate\\Pipeline\\Pipeline->Illuminate\\Pipeline\\{closure}(Object(Illuminate\\Http\\Request))
#33 /Users/kevin/Herd/hrbrabant-website-galaxy/vendor/laravel/framework/src/Illuminate/Pipeline/Pipeline.php(219): Illuminate\\View\\Middleware\\ShareErrorsFromSession->handle(Object(Illuminate\\Http\\Request), Object(Closure))
#34 /Users/kevin/Herd/hrbrabant-website-galaxy/galaxy/modules/Core/Http/Middleware/SentryContext.php(27): Illuminate\\Pipeline\\Pipeline->Illuminate\\Pipeline\\{closure}(Object(Illuminate\\Http\\Request))
#35 /Users/kevin/Herd/hrbrabant-website-galaxy/vendor/laravel/framework/src/Illuminate/Pipeline/Pipeline.php(219): Galaxy\\Core\\Http\\Middleware\\SentryContext->handle(Object(Illuminate\\Http\\Request), Object(Closure))
#36 /Users/kevin/Herd/hrbrabant-website-galaxy/galaxy/modules/Redirect/Http/Middleware/Redirect.php(36): Illuminate\\Pipeline\\Pipeline->Illuminate\\Pipeline\\{closure}(Object(Illuminate\\Http\\Request))
#37 /Users/kevin/Herd/hrbrabant-website-galaxy/vendor/laravel/framework/src/Illuminate/Pipeline/Pipeline.php(219): Galaxy\\Redirect\\Http\\Middleware\\Redirect->handle(Object(Illuminate\\Http\\Request), Object(Closure))
#38 /Users/kevin/Herd/hrbrabant-website-galaxy/vendor/laravel/framework/src/Illuminate/Cookie/Middleware/AddQueuedCookiesToResponse.php(36): Illuminate\\Pipeline\\Pipeline->Illuminate\\Pipeline\\{closure}(Object(Illuminate\\Http\\Request))
#39 /Users/kevin/Herd/hrbrabant-website-galaxy/vendor/laravel/framework/src/Illuminate/Pipeline/Pipeline.php(219): Illuminate\\Cookie\\Middleware\\AddQueuedCookiesToResponse->handle(Object(Illuminate\\Http\\Request), Object(Closure))
#40 /Users/kevin/Herd/hrbrabant-website-galaxy/vendor/laravel/framework/src/Illuminate/Cookie/Middleware/EncryptCookies.php(74): Illuminate\\Pipeline\\Pipeline->Illuminate\\Pipeline\\{closure}(Object(Illuminate\\Http\\Request))
#41 /Users/kevin/Herd/hrbrabant-website-galaxy/vendor/laravel/framework/src/Illuminate/Pipeline/Pipeline.php(219): Illuminate\\Cookie\\Middleware\\EncryptCookies->handle(Object(Illuminate\\Http\\Request), Object(Closure))
#42 /Users/kevin/Herd/hrbrabant-website-galaxy/vendor/laravel/framework/src/Illuminate/Pipeline/Pipeline.php(137): Illuminate\\Pipeline\\Pipeline->Illuminate\\Pipeline\\{closure}(Object(Illuminate\\Http\\Request))
#43 /Users/kevin/Herd/hrbrabant-website-galaxy/vendor/laravel/framework/src/Illuminate/Routing/Router.php(821): Illuminate\\Pipeline\\Pipeline->then(Object(Closure))
#44 /Users/kevin/Herd/hrbrabant-website-galaxy/vendor/laravel/framework/src/Illuminate/Routing/Router.php(800): Illuminate\\Routing\\Router->runRouteWithinStack(Object(Illuminate\\Routing\\Route), Object(Illuminate\\Http\\Request))
#45 /Users/kevin/Herd/hrbrabant-website-galaxy/vendor/laravel/framework/src/Illuminate/Routing/Router.php(764): Illuminate\\Routing\\Router->runRoute(Object(Illuminate\\Http\\Request), Object(Illuminate\\Routing\\Route))
#46 /Users/kevin/Herd/hrbrabant-website-galaxy/vendor/laravel/framework/src/Illuminate/Routing/Router.php(753): Illuminate\\Routing\\Router->dispatchToRoute(Object(Illuminate\\Http\\Request))
#47 /Users/kevin/Herd/hrbrabant-website-galaxy/vendor/laravel/framework/src/Illuminate/Foundation/Http/Kernel.php(200): Illuminate\\Routing\\Router->dispatch(Object(Illuminate\\Http\\Request))
#48 /Users/kevin/Herd/hrbrabant-website-galaxy/vendor/laravel/framework/src/Illuminate/Pipeline/Pipeline.php(180): Illuminate\\Foundation\\Http\\Kernel->Illuminate\\Foundation\\Http\\{closure}(Object(Illuminate\\Http\\Request))
#49 /Users/kevin/Herd/hrbrabant-website-galaxy/vendor/livewire/livewire/src/Features/SupportDisablingBackButtonCache/DisableBackButtonCacheMiddleware.php(19): Illuminate\\Pipeline\\Pipeline->Illuminate\\Pipeline\\{closure}(Object(Illuminate\\Http\\Request))
#50 /Users/kevin/Herd/hrbrabant-website-galaxy/vendor/laravel/framework/src/Illuminate/Pipeline/Pipeline.php(219): Livewire\\Features\\SupportDisablingBackButtonCache\\DisableBackButtonCacheMiddleware->handle(Object(Illuminate\\Http\\Request), Object(Closure))
#51 /Users/kevin/Herd/hrbrabant-website-galaxy/galaxy/modules/Redirect/Http/Middleware/Redirect.php(36): Illuminate\\Pipeline\\Pipeline->Illuminate\\Pipeline\\{closure}(Object(Illuminate\\Http\\Request))
#52 /Users/kevin/Herd/hrbrabant-website-galaxy/vendor/laravel/framework/src/Illuminate/Pipeline/Pipeline.php(219): Galaxy\\Redirect\\Http\\Middleware\\Redirect->handle(Object(Illuminate\\Http\\Request), Object(Closure))
#53 /Users/kevin/Herd/hrbrabant-website-galaxy/vendor/laravel/framework/src/Illuminate/Session/Middleware/StartSession.php(120): Illuminate\\Pipeline\\Pipeline->Illuminate\\Pipeline\\{closure}(Object(Illuminate\\Http\\Request))
#54 /Users/kevin/Herd/hrbrabant-website-galaxy/vendor/laravel/framework/src/Illuminate/Session/Middleware/StartSession.php(63): Illuminate\\Session\\Middleware\\StartSession->handleStatefulRequest(Object(Illuminate\\Http\\Request), Object(Illuminate\\Session\\Store), Object(Closure))
#55 /Users/kevin/Herd/hrbrabant-website-galaxy/vendor/laravel/framework/src/Illuminate/Pipeline/Pipeline.php(219): Illuminate\\Session\\Middleware\\StartSession->handle(Object(Illuminate\\Http\\Request), Object(Closure))
#56 /Users/kevin/Herd/hrbrabant-website-galaxy/vendor/laravel/framework/src/Illuminate/Http/Middleware/HandleCors.php(61): Illuminate\\Pipeline\\Pipeline->Illuminate\\Pipeline\\{closure}(Object(Illuminate\\Http\\Request))
#57 /Users/kevin/Herd/hrbrabant-website-galaxy/vendor/laravel/framework/src/Illuminate/Pipeline/Pipeline.php(219): Illuminate\\Http\\Middleware\\HandleCors->handle(Object(Illuminate\\Http\\Request), Object(Closure))
#58 /Users/kevin/Herd/hrbrabant-website-galaxy/vendor/laravel/framework/src/Illuminate/Http/Middleware/TrustProxies.php(58): Illuminate\\Pipeline\\Pipeline->Illuminate\\Pipeline\\{closure}(Object(Illuminate\\Http\\Request))
#59 /Users/kevin/Herd/hrbrabant-website-galaxy/vendor/laravel/framework/src/Illuminate/Pipeline/Pipeline.php(219): Illuminate\\Http\\Middleware\\TrustProxies->handle(Object(Illuminate\\Http\\Request), Object(Closure))
#60 /Users/kevin/Herd/hrbrabant-website-galaxy/vendor/laravel/framework/src/Illuminate/Foundation/Http/Middleware/TransformsRequest.php(21): Illuminate\\Pipeline\\Pipeline->Illuminate\\Pipeline\\{closure}(Object(Illuminate\\Http\\Request))
#61 /Users/kevin/Herd/hrbrabant-website-galaxy/vendor/laravel/framework/src/Illuminate/Foundation/Http/Middleware/ConvertEmptyStringsToNull.php(31): Illuminate\\Foundation\\Http\\Middleware\\TransformsRequest->handle(Object(Illuminate\\Http\\Request), Object(Closure))
#62 /Users/kevin/Herd/hrbrabant-website-galaxy/vendor/laravel/framework/src/Illuminate/Pipeline/Pipeline.php(219): Illuminate\\Foundation\\Http\\Middleware\\ConvertEmptyStringsToNull->handle(Object(Illuminate\\Http\\Request), Object(Closure))
#63 /Users/kevin/Herd/hrbrabant-website-galaxy/vendor/laravel/framework/src/Illuminate/Foundation/Http/Middleware/TransformsRequest.php(21): Illuminate\\Pipeline\\Pipeline->Illuminate\\Pipeline\\{closure}(Object(Illuminate\\Http\\Request))
#64 /Users/kevin/Herd/hrbrabant-website-galaxy/vendor/laravel/framework/src/Illuminate/Foundation/Http/Middleware/TrimStrings.php(51): Illuminate\\Foundation\\Http\\Middleware\\TransformsRequest->handle(Object(Illuminate\\Http\\Request), Object(Closure))
#65 /Users/kevin/Herd/hrbrabant-website-galaxy/vendor/laravel/framework/src/Illuminate/Pipeline/Pipeline.php(219): Illuminate\\Foundation\\Http\\Middleware\\TrimStrings->handle(Object(Illuminate\\Http\\Request), Object(Closure))
#66 /Users/kevin/Herd/hrbrabant-website-galaxy/vendor/laravel/framework/src/Illuminate/Http/Middleware/ValidatePostSize.php(27): Illuminate\\Pipeline\\Pipeline->Illuminate\\Pipeline\\{closure}(Object(Illuminate\\Http\\Request))
#67 /Users/kevin/Herd/hrbrabant-website-galaxy/vendor/laravel/framework/src/Illuminate/Pipeline/Pipeline.php(219): Illuminate\\Http\\Middleware\\ValidatePostSize->handle(Object(Illuminate\\Http\\Request), Object(Closure))
#68 /Users/kevin/Herd/hrbrabant-website-galaxy/vendor/laravel/framework/src/Illuminate/Foundation/Http/Middleware/PreventRequestsDuringMaintenance.php(109): Illuminate\\Pipeline\\Pipeline->Illuminate\\Pipeline\\{closure}(Object(Illuminate\\Http\\Request))
#69 /Users/kevin/Herd/hrbrabant-website-galaxy/vendor/laravel/framework/src/Illuminate/Pipeline/Pipeline.php(219): Illuminate\\Foundation\\Http\\Middleware\\PreventRequestsDuringMaintenance->handle(Object(Illuminate\\Http\\Request), Object(Closure))
#70 /Users/kevin/Herd/hrbrabant-website-galaxy/vendor/itsgoingd/clockwork/Clockwork/Support/Laravel/ClockworkMiddleware.php(24): Illuminate\\Pipeline\\Pipeline->Illuminate\\Pipeline\\{closure}(Object(Illuminate\\Http\\Request))
#71 /Users/kevin/Herd/hrbrabant-website-galaxy/vendor/laravel/framework/src/Illuminate/Pipeline/Pipeline.php(219): Clockwork\\Support\\Laravel\\ClockworkMiddleware->handle(Object(Illuminate\\Http\\Request), Object(Closure))
#72 /Users/kevin/Herd/hrbrabant-website-galaxy/vendor/laravel/framework/src/Illuminate/Pipeline/Pipeline.php(137): Illuminate\\Pipeline\\Pipeline->Illuminate\\Pipeline\\{closure}(Object(Illuminate\\Http\\Request))
#73 /Users/kevin/Herd/hrbrabant-website-galaxy/vendor/laravel/framework/src/Illuminate/Foundation/Http/Kernel.php(175): Illuminate\\Pipeline\\Pipeline->then(Object(Closure))
#74 /Users/kevin/Herd/hrbrabant-website-galaxy/vendor/laravel/framework/src/Illuminate/Foundation/Http/Kernel.php(144): Illuminate\\Foundation\\Http\\Kernel->sendRequestThroughRouter(Object(Illuminate\\Http\\Request))
#75 /Users/kevin/Herd/hrbrabant-website-galaxy/public/index.php(51): Illuminate\\Foundation\\Http\\Kernel->handle(Object(Illuminate\\Http\\Request))
#76 /Applications/Herd.app/Contents/Resources/valet/server.php(167): require('/Users/kevin/He...')
#77 {main}

[previous exception] [object] (InvalidArgumentException(code: 0): View [layouts.main.header] not found. at /Users/kevin/Herd/hrbrabant-website-galaxy/vendor/laravel/framework/src/Illuminate/View/FileViewFinder.php:138)
[stacktrace]
#0 /Users/kevin/Herd/hrbrabant-website-galaxy/vendor/laravel/framework/src/Illuminate/View/FileViewFinder.php(91): Illuminate\\View\\FileViewFinder->findInPaths('layouts.main.he...', Array)
#1 /Users/kevin/Herd/hrbrabant-website-galaxy/vendor/laravel/framework/src/Illuminate/View/FileViewFinder.php(75): Illuminate\\View\\FileViewFinder->findNamespacedView('website::layout...')
#2 /Users/kevin/Herd/hrbrabant-website-galaxy/vendor/laravel/framework/src/Illuminate/View/Factory.php(150): Illuminate\\View\\FileViewFinder->find('website::layout...')
#3 /Users/kevin/Herd/hrbrabant-website-galaxy/storage/framework/views/b8b14d552df19934310c8b7a2fdc74ed.php(10): Illuminate\\View\\Factory->make('website::layout...', Array)
#4 /Users/kevin/Herd/hrbrabant-website-galaxy/vendor/laravel/framework/src/Illuminate/Filesystem/Filesystem.php(123): require('/Users/kevin/He...')
#5 /Users/kevin/Herd/hrbrabant-website-galaxy/vendor/laravel/framework/src/Illuminate/Filesystem/Filesystem.php(124): Illuminate\\Filesystem\\Filesystem::Illuminate\\Filesystem\\{closure}()
#6 /Users/kevin/Herd/hrbrabant-website-galaxy/vendor/laravel/framework/src/Illuminate/View/Engines/PhpEngine.php(57): Illuminate\\Filesystem\\Filesystem->getRequire('/Users/kevin/He...', Array)
#7 /Users/kevin/Herd/hrbrabant-website-galaxy/vendor/livewire/livewire/src/Mechanisms/ExtendBlade/ExtendedCompilerEngine.php(22): Illuminate\\View\\Engines\\PhpEngine->evaluatePath('/Users/kevin/He...', Array)
#8 /Users/kevin/Herd/hrbrabant-website-galaxy/vendor/laravel/framework/src/Illuminate/View/Engines/CompilerEngine.php(76): Livewire\\Mechanisms\\ExtendBlade\\ExtendedCompilerEngine->evaluatePath('/Users/kevin/He...', Array)
#9 /Users/kevin/Herd/hrbrabant-website-galaxy/vendor/livewire/livewire/src/Mechanisms/ExtendBlade/ExtendedCompilerEngine.php(10): Illuminate\\View\\Engines\\CompilerEngine->get('/Users/kevin/He...', Array)
#10 /Users/kevin/Herd/hrbrabant-website-galaxy/vendor/laravel/framework/src/Illuminate/View/View.php(208): Livewire\\Mechanisms\\ExtendBlade\\ExtendedCompilerEngine->get('/Users/kevin/He...', Array)
#11 /Users/kevin/Herd/hrbrabant-website-galaxy/vendor/laravel/framework/src/Illuminate/View/View.php(191): Illuminate\\View\\View->getContents()
#12 /Users/kevin/Herd/hrbrabant-website-galaxy/vendor/laravel/framework/src/Illuminate/View/View.php(160): Illuminate\\View\\View->renderContents()
#13 /Users/kevin/Herd/hrbrabant-website-galaxy/storage/framework/views/b5a1451ed25f65b1ce862df08f98c88a.php(33): Illuminate\\View\\View->render()
#14 /Users/kevin/Herd/hrbrabant-website-galaxy/vendor/laravel/framework/src/Illuminate/Filesystem/Filesystem.php(123): require('/Users/kevin/He...')
#15 /Users/kevin/Herd/hrbrabant-website-galaxy/vendor/laravel/framework/src/Illuminate/Filesystem/Filesystem.php(124): Illuminate\\Filesystem\\Filesystem::Illuminate\\Filesystem\\{closure}()
#16 /Users/kevin/Herd/hrbrabant-website-galaxy/vendor/laravel/framework/src/Illuminate/View/Engines/PhpEngine.php(57): Illuminate\\Filesystem\\Filesystem->getRequire('/Users/kevin/He...', Array)
#17 /Users/kevin/Herd/hrbrabant-website-galaxy/vendor/livewire/livewire/src/Mechanisms/ExtendBlade/ExtendedCompilerEngine.php(22): Illuminate\\View\\Engines\\PhpEngine->evaluatePath('/Users/kevin/He...', Array)
#18 /Users/kevin/Herd/hrbrabant-website-galaxy/vendor/laravel/framework/src/Illuminate/View/Engines/CompilerEngine.php(76): Livewire\\Mechanisms\\ExtendBlade\\ExtendedCompilerEngine->evaluatePath('/Users/kevin/He...', Array)
#19 /Users/kevin/Herd/hrbrabant-website-galaxy/vendor/livewire/livewire/src/Mechanisms/ExtendBlade/ExtendedCompilerEngine.php(10): Illuminate\\View\\Engines\\CompilerEngine->get('/Users/kevin/He...', Array)
#20 /Users/kevin/Herd/hrbrabant-website-galaxy/vendor/laravel/framework/src/Illuminate/View/View.php(208): Livewire\\Mechanisms\\ExtendBlade\\ExtendedCompilerEngine->get('/Users/kevin/He...', Array)
#21 /Users/kevin/Herd/hrbrabant-website-galaxy/vendor/laravel/framework/src/Illuminate/View/View.php(191): Illuminate\\View\\View->getContents()
#22 /Users/kevin/Herd/hrbrabant-website-galaxy/vendor/laravel/framework/src/Illuminate/View/View.php(160): Illuminate\\View\\View->renderContents()
#23 /Users/kevin/Herd/hrbrabant-website-galaxy/vendor/laravel/framework/src/Illuminate/Http/Response.php(78): Illuminate\\View\\View->render()
#24 /Users/kevin/Herd/hrbrabant-website-galaxy/vendor/laravel/framework/src/Illuminate/Http/Response.php(34): Illuminate\\Http\\Response->setContent(Object(Illuminate\\View\\View))
#25 /Users/kevin/Herd/hrbrabant-website-galaxy/vendor/laravel/framework/src/Illuminate/Routing/Router.php(939): Illuminate\\Http\\Response->__construct(Object(Illuminate\\View\\View), 200, Array)
#26 /Users/kevin/Herd/hrbrabant-website-galaxy/vendor/laravel/framework/src/Illuminate/Routing/Router.php(906): Illuminate\\Routing\\Router::toResponse(Object(Illuminate\\Http\\Request), Object(Illuminate\\View\\View))
#27 /Users/kevin/Herd/hrbrabant-website-galaxy/vendor/laravel/framework/src/Illuminate/Routing/Router.php(821): Illuminate\\Routing\\Router->prepareResponse(Object(Illuminate\\Http\\Request), Object(Illuminate\\View\\View))
#28 /Users/kevin/Herd/hrbrabant-website-galaxy/vendor/laravel/framework/src/Illuminate/Pipeline/Pipeline.php(180): Illuminate\\Routing\\Router->Illuminate\\Routing\\{closure}(Object(Illuminate\\Http\\Request))
#29 /Users/kevin/Herd/hrbrabant-website-galaxy/galaxy/modules/Website/Http/Middleware/WebsiteRouting.php(22): Illuminate\\Pipeline\\Pipeline->Illuminate\\Pipeline\\{closure}(Object(Illuminate\\Http\\Request))
#30 /Users/kevin/Herd/hrbrabant-website-galaxy/vendor/laravel/framework/src/Illuminate/Pipeline/Pipeline.php(219): Galaxy\\Website\\Http\\Middleware\\WebsiteRouting->handle(Object(Illuminate\\Http\\Request), Object(Closure))
#31 /Users/kevin/Herd/hrbrabant-website-galaxy/vendor/laravel/framework/src/Illuminate/Routing/Middleware/SubstituteBindings.php(50): Illuminate\\Pipeline\\Pipeline->Illuminate\\Pipeline\\{closure}(Object(Illuminate\\Http\\Request))
#32 /Users/kevin/Herd/hrbrabant-website-galaxy/vendor/laravel/framework/src/Illuminate/Pipeline/Pipeline.php(219): Illuminate\\Routing\\Middleware\\SubstituteBindings->handle(Object(Illuminate\\Http\\Request), Object(Closure))
#33 /Users/kevin/Herd/hrbrabant-website-galaxy/galaxy/modules/Crud/Http/Middleware/ReplaceModelLinks.php(14): Illuminate\\Pipeline\\Pipeline->Illuminate\\Pipeline\\{closure}(Object(Illuminate\\Http\\Request))
#34 /Users/kevin/Herd/hrbrabant-website-galaxy/vendor/laravel/framework/src/Illuminate/Pipeline/Pipeline.php(219): Galaxy\\Crud\\Http\\Middleware\\ReplaceModelLinks->handle(Object(Illuminate\\Http\\Request), Object(Closure))
#35 /Users/kevin/Herd/hrbrabant-website-galaxy/galaxy/modules/Core/Http/Middleware/CacheResponse.php(16): Illuminate\\Pipeline\\Pipeline->Illuminate\\Pipeline\\{closure}(Object(Illuminate\\Http\\Request))
#36 /Users/kevin/Herd/hrbrabant-website-galaxy/vendor/laravel/framework/src/Illuminate/Pipeline/Pipeline.php(219): Galaxy\\Core\\Http\\Middleware\\CacheResponse->handle(Object(Illuminate\\Http\\Request), Object(Closure))
#37 /Users/kevin/Herd/hrbrabant-website-galaxy/vendor/laravel/framework/src/Illuminate/View/Middleware/ShareErrorsFromSession.php(48): Illuminate\\Pipeline\\Pipeline->Illuminate\\Pipeline\\{closure}(Object(Illuminate\\Http\\Request))
#38 /Users/kevin/Herd/hrbrabant-website-galaxy/vendor/laravel/framework/src/Illuminate/Pipeline/Pipeline.php(219): Illuminate\\View\\Middleware\\ShareErrorsFromSession->handle(Object(Illuminate\\Http\\Request), Object(Closure))
#39 /Users/kevin/Herd/hrbrabant-website-galaxy/galaxy/modules/Core/Http/Middleware/SentryContext.php(27): Illuminate\\Pipeline\\Pipeline->Illuminate\\Pipeline\\{closure}(Object(Illuminate\\Http\\Request))
#40 /Users/kevin/Herd/hrbrabant-website-galaxy/vendor/laravel/framework/src/Illuminate/Pipeline/Pipeline.php(219): Galaxy\\Core\\Http\\Middleware\\SentryContext->handle(Object(Illuminate\\Http\\Request), Object(Closure))
#41 /Users/kevin/Herd/hrbrabant-website-galaxy/galaxy/modules/Redirect/Http/Middleware/Redirect.php(36): Illuminate\\Pipeline\\Pipeline->Illuminate\\Pipeline\\{closure}(Object(Illuminate\\Http\\Request))
#42 /Users/kevin/Herd/hrbrabant-website-galaxy/vendor/laravel/framework/src/Illuminate/Pipeline/Pipeline.php(219): Galaxy\\Redirect\\Http\\Middleware\\Redirect->handle(Object(Illuminate\\Http\\Request), Object(Closure))
#43 /Users/kevin/Herd/hrbrabant-website-galaxy/vendor/laravel/framework/src/Illuminate/Cookie/Middleware/AddQueuedCookiesToResponse.php(36): Illuminate\\Pipeline\\Pipeline->Illuminate\\Pipeline\\{closure}(Object(Illuminate\\Http\\Request))
#44 /Users/kevin/Herd/hrbrabant-website-galaxy/vendor/laravel/framework/src/Illuminate/Pipeline/Pipeline.php(219): Illuminate\\Cookie\\Middleware\\AddQueuedCookiesToResponse->handle(Object(Illuminate\\Http\\Request), Object(Closure))
#45 /Users/kevin/Herd/hrbrabant-website-galaxy/vendor/laravel/framework/src/Illuminate/Cookie/Middleware/EncryptCookies.php(74): Illuminate\\Pipeline\\Pipeline->Illuminate\\Pipeline\\{closure}(Object(Illuminate\\Http\\Request))
#46 /Users/kevin/Herd/hrbrabant-website-galaxy/vendor/laravel/framework/src/Illuminate/Pipeline/Pipeline.php(219): Illuminate\\Cookie\\Middleware\\EncryptCookies->handle(Object(Illuminate\\Http\\Request), Object(Closure))
#47 /Users/kevin/Herd/hrbrabant-website-galaxy/vendor/laravel/framework/src/Illuminate/Pipeline/Pipeline.php(137): Illuminate\\Pipeline\\Pipeline->Illuminate\\Pipeline\\{closure}(Object(Illuminate\\Http\\Request))
#48 /Users/kevin/Herd/hrbrabant-website-galaxy/vendor/laravel/framework/src/Illuminate/Routing/Router.php(821): Illuminate\\Pipeline\\Pipeline->then(Object(Closure))
#49 /Users/kevin/Herd/hrbrabant-website-galaxy/vendor/laravel/framework/src/Illuminate/Routing/Router.php(800): Illuminate\\Routing\\Router->runRouteWithinStack(Object(Illuminate\\Routing\\Route), Object(Illuminate\\Http\\Request))
#50 /Users/kevin/Herd/hrbrabant-website-galaxy/vendor/laravel/framework/src/Illuminate/Routing/Router.php(764): Illuminate\\Routing\\Router->runRoute(Object(Illuminate\\Http\\Request), Object(Illuminate\\Routing\\Route))
#51 /Users/kevin/Herd/hrbrabant-website-galaxy/vendor/laravel/framework/src/Illuminate/Routing/Router.php(753): Illuminate\\Routing\\Router->dispatchToRoute(Object(Illuminate\\Http\\Request))
#52 /Users/kevin/Herd/hrbrabant-website-galaxy/vendor/laravel/framework/src/Illuminate/Foundation/Http/Kernel.php(200): Illuminate\\Routing\\Router->dispatch(Object(Illuminate\\Http\\Request))
#53 /Users/kevin/Herd/hrbrabant-website-galaxy/vendor/laravel/framework/src/Illuminate/Pipeline/Pipeline.php(180): Illuminate\\Foundation\\Http\\Kernel->Illuminate\\Foundation\\Http\\{closure}(Object(Illuminate\\Http\\Request))
#54 /Users/kevin/Herd/hrbrabant-website-galaxy/vendor/livewire/livewire/src/Features/SupportDisablingBackButtonCache/DisableBackButtonCacheMiddleware.php(19): Illuminate\\Pipeline\\Pipeline->Illuminate\\Pipeline\\{closure}(Object(Illuminate\\Http\\Request))
#55 /Users/kevin/Herd/hrbrabant-website-galaxy/vendor/laravel/framework/src/Illuminate/Pipeline/Pipeline.php(219): Livewire\\Features\\SupportDisablingBackButtonCache\\DisableBackButtonCacheMiddleware->handle(Object(Illuminate\\Http\\Request), Object(Closure))
#56 /Users/kevin/Herd/hrbrabant-website-galaxy/galaxy/modules/Redirect/Http/Middleware/Redirect.php(36): Illuminate\\Pipeline\\Pipeline->Illuminate\\Pipeline\\{closure}(Object(Illuminate\\Http\\Request))
#57 /Users/kevin/Herd/hrbrabant-website-galaxy/vendor/laravel/framework/src/Illuminate/Pipeline/Pipeline.php(219): Galaxy\\Redirect\\Http\\Middleware\\Redirect->handle(Object(Illuminate\\Http\\Request), Object(Closure))
#58 /Users/kevin/Herd/hrbrabant-website-galaxy/vendor/laravel/framework/src/Illuminate/Session/Middleware/StartSession.php(120): Illuminate\\Pipeline\\Pipeline->Illuminate\\Pipeline\\{closure}(Object(Illuminate\\Http\\Request))
#59 /Users/kevin/Herd/hrbrabant-website-galaxy/vendor/laravel/framework/src/Illuminate/Session/Middleware/StartSession.php(63): Illuminate\\Session\\Middleware\\StartSession->handleStatefulRequest(Object(Illuminate\\Http\\Request), Object(Illuminate\\Session\\Store), Object(Closure))
#60 /Users/kevin/Herd/hrbrabant-website-galaxy/vendor/laravel/framework/src/Illuminate/Pipeline/Pipeline.php(219): Illuminate\\Session\\Middleware\\StartSession->handle(Object(Illuminate\\Http\\Request), Object(Closure))
#61 /Users/kevin/Herd/hrbrabant-website-galaxy/vendor/laravel/framework/src/Illuminate/Http/Middleware/HandleCors.php(61): Illuminate\\Pipeline\\Pipeline->Illuminate\\Pipeline\\{closure}(Object(Illuminate\\Http\\Request))
#62 /Users/kevin/Herd/hrbrabant-website-galaxy/vendor/laravel/framework/src/Illuminate/Pipeline/Pipeline.php(219): Illuminate\\Http\\Middleware\\HandleCors->handle(Object(Illuminate\\Http\\Request), Object(Closure))
#63 /Users/kevin/Herd/hrbrabant-website-galaxy/vendor/laravel/framework/src/Illuminate/Http/Middleware/TrustProxies.php(58): Illuminate\\Pipeline\\Pipeline->Illuminate\\Pipeline\\{closure}(Object(Illuminate\\Http\\Request))
#64 /Users/kevin/Herd/hrbrabant-website-galaxy/vendor/laravel/framework/src/Illuminate/Pipeline/Pipeline.php(219): Illuminate\\Http\\Middleware\\TrustProxies->handle(Object(Illuminate\\Http\\Request), Object(Closure))
#65 /Users/kevin/Herd/hrbrabant-website-galaxy/vendor/laravel/framework/src/Illuminate/Foundation/Http/Middleware/TransformsRequest.php(21): Illuminate\\Pipeline\\Pipeline->Illuminate\\Pipeline\\{closure}(Object(Illuminate\\Http\\Request))
#66 /Users/kevin/Herd/hrbrabant-website-galaxy/vendor/laravel/framework/src/Illuminate/Foundation/Http/Middleware/ConvertEmptyStringsToNull.php(31): Illuminate\\Foundation\\Http\\Middleware\\TransformsRequest->handle(Object(Illuminate\\Http\\Request), Object(Closure))
#67 /Users/kevin/Herd/hrbrabant-website-galaxy/vendor/laravel/framework/src/Illuminate/Pipeline/Pipeline.php(219): Illuminate\\Foundation\\Http\\Middleware\\ConvertEmptyStringsToNull->handle(Object(Illuminate\\Http\\Request), Object(Closure))
#68 /Users/kevin/Herd/hrbrabant-website-galaxy/vendor/laravel/framework/src/Illuminate/Foundation/Http/Middleware/TransformsRequest.php(21): Illuminate\\Pipeline\\Pipeline->Illuminate\\Pipeline\\{closure}(Object(Illuminate\\Http\\Request))
#69 /Users/kevin/Herd/hrbrabant-website-galaxy/vendor/laravel/framework/src/Illuminate/Foundation/Http/Middleware/TrimStrings.php(51): Illuminate\\Foundation\\Http\\Middleware\\TransformsRequest->handle(Object(Illuminate\\Http\\Request), Object(Closure))
#70 /Users/kevin/Herd/hrbrabant-website-galaxy/vendor/laravel/framework/src/Illuminate/Pipeline/Pipeline.php(219): Illuminate\\Foundation\\Http\\Middleware\\TrimStrings->handle(Object(Illuminate\\Http\\Request), Object(Closure))
#71 /Users/kevin/Herd/hrbrabant-website-galaxy/vendor/laravel/framework/src/Illuminate/Http/Middleware/ValidatePostSize.php(27): Illuminate\\Pipeline\\Pipeline->Illuminate\\Pipeline\\{closure}(Object(Illuminate\\Http\\Request))
#72 /Users/kevin/Herd/hrbrabant-website-galaxy/vendor/laravel/framework/src/Illuminate/Pipeline/Pipeline.php(219): Illuminate\\Http\\Middleware\\ValidatePostSize->handle(Object(Illuminate\\Http\\Request), Object(Closure))
#73 /Users/kevin/Herd/hrbrabant-website-galaxy/vendor/laravel/framework/src/Illuminate/Foundation/Http/Middleware/PreventRequestsDuringMaintenance.php(109): Illuminate\\Pipeline\\Pipeline->Illuminate\\Pipeline\\{closure}(Object(Illuminate\\Http\\Request))
#74 /Users/kevin/Herd/hrbrabant-website-galaxy/vendor/laravel/framework/src/Illuminate/Pipeline/Pipeline.php(219): Illuminate\\Foundation\\Http\\Middleware\\PreventRequestsDuringMaintenance->handle(Object(Illuminate\\Http\\Request), Object(Closure))
#75 /Users/kevin/Herd/hrbrabant-website-galaxy/vendor/itsgoingd/clockwork/Clockwork/Support/Laravel/ClockworkMiddleware.php(24): Illuminate\\Pipeline\\Pipeline->Illuminate\\Pipeline\\{closure}(Object(Illuminate\\Http\\Request))
#76 /Users/kevin/Herd/hrbrabant-website-galaxy/vendor/laravel/framework/src/Illuminate/Pipeline/Pipeline.php(219): Clockwork\\Support\\Laravel\\ClockworkMiddleware->handle(Object(Illuminate\\Http\\Request), Object(Closure))
#77 /Users/kevin/Herd/hrbrabant-website-galaxy/vendor/laravel/framework/src/Illuminate/Pipeline/Pipeline.php(137): Illuminate\\Pipeline\\Pipeline->Illuminate\\Pipeline\\{closure}(Object(Illuminate\\Http\\Request))
#78 /Users/kevin/Herd/hrbrabant-website-galaxy/vendor/laravel/framework/src/Illuminate/Foundation/Http/Kernel.php(175): Illuminate\\Pipeline\\Pipeline->then(Object(Closure))
#79 /Users/kevin/Herd/hrbrabant-website-galaxy/vendor/laravel/framework/src/Illuminate/Foundation/Http/Kernel.php(144): Illuminate\\Foundation\\Http\\Kernel->sendRequestThroughRouter(Object(Illuminate\\Http\\Request))
#80 /Users/kevin/Herd/hrbrabant-website-galaxy/public/index.php(51): Illuminate\\Foundation\\Http\\Kernel->handle(Object(Illuminate\\Http\\Request))
#81 /Applications/Herd.app/Contents/Resources/valet/server.php(167): require('/Users/kevin/He...')
#82 {main}
"} 
[2026-04-02 14:39:23] local.INFO: App\Modules\Vacancy\Console\Commands\SyncVacancies started:2026-04-02 14:39:23  
[2026-04-02 14:39:24] local.INFO: App\Modules\Vacancy\Console\Commands\SyncVacancies Vacancies synced successfully.  
[2026-04-02 14:39:25] local.INFO: App\Modules\Vacancy\Console\Commands\SyncVacancies Vacancies synced successfully.  
[2026-04-02 14:39:27] local.INFO: App\Modules\Vacancy\Console\Commands\SyncVacancies Vacancies synced successfully.  
[2026-04-02 14:39:28] local.INFO: App\Modules\Vacancy\Console\Commands\SyncVacancies Vacancies synced successfully.  
[2026-04-02 14:39:29] local.INFO: App\Modules\Vacancy\Console\Commands\SyncVacancies Vacancies synced successfully.  
[2026-04-02 14:39:30] local.INFO: App\Modules\Vacancy\Console\Commands\SyncVacancies Vacancies synced successfully.  
[2026-04-02 14:39:32] local.INFO: App\Modules\Vacancy\Console\Commands\SyncVacancies Vacancies synced successfully.  
[2026-04-02 14:39:33] local.INFO: App\Modules\Vacancy\Console\Commands\SyncVacancies Vacancies synced successfully.  
[2026-04-02 14:39:34] local.INFO: App\Modules\Vacancy\Console\Commands\SyncVacancies Vacancies synced successfully.  
[2026-04-02 14:39:35] local.INFO: App\Modules\Vacancy\Console\Commands\SyncVacancies Vacancies synced successfully.  
[2026-04-02 14:39:36] local.INFO: App\Modules\Vacancy\Console\Commands\SyncVacancies Vacancies synced successfully.  
[2026-04-02 14:39:36] local.INFO: App\Modules\Vacancy\Console\Commands\SyncVacancies synced offset: 100  
[2026-04-02 14:39:36] local.INFO: App\Modules\Vacancy\Console\Commands\SyncVacancies cleanupOldVacancies: {"$allApiUids":["ac4zmZ1wia8teYAh","ac4y-nJlLArtBiqj","ac4dgAUcdOInIony","ac4YyEmRubuIhL0j","aczQz7rw2Zp73RJ0","aczEztU44rEZmaNy","acZNLmo2wZlID5ty","acY8ghitTHZIj4RS","acYy48_JvQMVYp3n","acVWKS9D3wxTSSvq","acQEOT5QW8_tqYwk","acPf5HiTEdbof-JG","acKQtq3W60yB--RU","acKA6bfJQ2t8zdeX","acJEbzzb98uDvvAM","acE4h82jsc2VuV6R","acEcrPpu8WjZAzSV","ab0-mW-TYnSpmb-q","ab0JNtH9Aw6bGtpd","ab0InUsaF6Ot18Og","abvmQAAmNWqwGQQB","abp4UMQxHeC-Q2xg","abpe-tNLGoPsCTUg","abpVD-9oUC7Klu1c","abl17ujFq10Yny58","abkOGwMTKlUcyazx","abfb8FG4oj-7YBZT","abQDzwJAspbwwJ0b","abPD1d5rHOPOC6Ix","abEz_3GRmh3PVdW5","aa-2EcrR-mIwo8dv","aa-sY_d0RK8hurmY","aaqmxsVrxuUN3Pkh","aahMaagTTVcTL3-Z","aago68AVlWaonZUY","aaftieu6H2LMtd5H","aacCtRgEa_kAIMmk","aabd3_yfn8PNbpgY","aaAqspn9aa63UmXW","aaGU9iv9XUyDez6R","aaFxMnoKceJbWgju","aaFXwkds5ygO2qw8","aaBQ5V5_Fz6ltPma","aZ3CrxQsCu_2obDe","aZgwWSuIFgCfA2TN","aZgRGKEaW83ToVjS","aZbJePsMeYo10iLC","aZSMMlw--R-FC7Om","aY8zgcNihSKz00D6","aY7o1tAGoiLNe2eT","aY7THiHmt0A3sPQ2","aY3tN8D9GmbXluOQ","aY3muWQ8ONAIqQti","aY3ikIAzR7or1XVD","aY3OdyjYkyzc_CQ4","aYxJG90HX1ks5Wsq","aYHFiHVvKl8l5A-t","aYNQDABg0WwjXLnM","aYMkWhMvDBShsB8t","aYB12RIS9oyDj79c","aXiWqIyGWMKsN_9m","aWobnYsvRWiU7p5x","aWoK58WqD5g5HTNb","aWUcgxSC1igmbLce","aWEa6Q9janq_27vA","aWEFdVcjTfeM38xw","aUVlOoEpRAA1_kGx","aUF3uSgxoKlk8oDU","aTg0cc5_MsPllEVZ","aNECwjPOBJ3EODU8","aSgmvDjCXX4itPk6","aSgmCc748urMkRet","aSR7jupbSuSW0N7i","aSRqA6rTp56O2Gw2","aR8c3p6xBUnwHDo5","aR8XyCbDFaDDdRR4","aP9DuUbZtpBShNs-","aPuMa5VIFlwZnCey","aPdq6Y6ZfuL097t6","aON8qy-FoKLfJhSU","aNUOHrs8l5CQop69","aNT5_6pHHlKriL7b","aNO0eG5DyYeFz6Cu","aMf_BeqTNj8VTJMw","aMGDxGT6lCUsUGei","aME_9nO-EEBmIUCf","aMA4g1QjfUbxOe57","aMAmNBjhaZ8fCiVu","aK62jbxHrioaVgm-","aK1l2u3tiu0EhWRL","aKgXH_Ei7PYJbFIA","aJsODuyfCnettb-o","aJnii6bscRgaecUE","aIoURyjiywJd23fx","aIyet4MxIbKe-hip","aH5VWxVG476VzplB","aFu1QXEnP2AjDUhe","aFK4mN1Ioo_gnd8A","ZxJfrZE6vzAc2ape","Zx_blWUTTdehCP6u","ZrYKbw-8AIEv4Jbb","Z6xZ47vqMaQhZEYR","Y9KMNZDASDskafm-"],"$vacanciesToDelete":[]}  
[2026-04-02 14:39:36] local.INFO: App\Modules\Vacancy\Console\Commands\SyncVacancies Vacancy ac4zmZ1wia8teYAh synced successfully.  
[2026-04-02 14:39:37] local.INFO: App\Modules\Vacancy\Console\Commands\SyncVacancies Vacancy ac4y-nJlLArtBiqj synced successfully.  
[2026-04-02 14:39:37] local.INFO: App\Modules\Vacancy\Console\Commands\SyncVacancies Vacancy ac4dgAUcdOInIony synced successfully.  
[2026-04-02 14:39:38] local.INFO: App\Modules\Vacancy\Console\Commands\SyncVacancies Vacancy ac4YyEmRubuIhL0j synced successfully.  
[2026-04-02 14:39:38] local.INFO: App\Modules\Vacancy\Console\Commands\SyncVacancies Vacancy aczQz7rw2Zp73RJ0 synced successfully.  
[2026-04-02 14:39:39] local.INFO: App\Modules\Vacancy\Console\Commands\SyncVacancies Vacancy aczEztU44rEZmaNy synced successfully.  
[2026-04-02 14:39:39] local.INFO: App\Modules\Vacancy\Console\Commands\SyncVacancies Vacancy acZNLmo2wZlID5ty synced successfully.  
[2026-04-02 14:39:40] local.INFO: App\Modules\Vacancy\Console\Commands\SyncVacancies Vacancy acY8ghitTHZIj4RS synced successfully.  
[2026-04-02 14:39:40] local.INFO: App\Modules\Vacancy\Console\Commands\SyncVacancies Vacancy acYy48_JvQMVYp3n synced successfully.  
[2026-04-02 14:39:41] local.INFO: App\Modules\Vacancy\Console\Commands\SyncVacancies Vacancy acVWKS9D3wxTSSvq synced successfully.  
[2026-04-02 14:39:41] local.INFO: App\Modules\Vacancy\Console\Commands\SyncVacancies Vacancy acQEOT5QW8_tqYwk synced successfully.  
[2026-04-02 14:39:42] local.INFO: App\Modules\Vacancy\Console\Commands\SyncVacancies Vacancy acPf5HiTEdbof-JG synced successfully.  
[2026-04-02 14:39:42] local.INFO: App\Modules\Vacancy\Console\Commands\SyncVacancies Vacancy acKQtq3W60yB--RU synced successfully.  
[2026-04-02 14:39:43] local.INFO: App\Modules\Vacancy\Console\Commands\SyncVacancies Vacancy acKA6bfJQ2t8zdeX synced successfully.  
[2026-04-02 14:39:43] local.INFO: App\Modules\Vacancy\Console\Commands\SyncVacancies Vacancy acJEbzzb98uDvvAM synced successfully.  
[2026-04-02 14:39:44] local.INFO: App\Modules\Vacancy\Console\Commands\SyncVacancies Vacancy acE4h82jsc2VuV6R synced successfully.  
[2026-04-02 14:39:44] local.INFO: App\Modules\Vacancy\Console\Commands\SyncVacancies Vacancy acEcrPpu8WjZAzSV synced successfully.  
[2026-04-02 14:39:45] local.INFO: App\Modules\Vacancy\Console\Commands\SyncVacancies Vacancy ab0-mW-TYnSpmb-q synced successfully.  
[2026-04-02 14:39:45] local.INFO: App\Modules\Vacancy\Console\Commands\SyncVacancies Vacancy ab0JNtH9Aw6bGtpd synced successfully.  
[2026-04-02 14:39:46] local.INFO: App\Modules\Vacancy\Console\Commands\SyncVacancies Vacancy ab0InUsaF6Ot18Og synced successfully.  
[2026-04-02 14:39:46] local.INFO: App\Modules\Vacancy\Console\Commands\SyncVacancies Vacancy abvmQAAmNWqwGQQB synced successfully.  
[2026-04-02 14:39:47] local.INFO: App\Modules\Vacancy\Console\Commands\SyncVacancies Vacancy abp4UMQxHeC-Q2xg synced successfully.  
[2026-04-02 14:39:47] local.INFO: App\Modules\Vacancy\Console\Commands\SyncVacancies Vacancy abpe-tNLGoPsCTUg synced successfully.  
[2026-04-02 14:39:48] local.INFO: App\Modules\Vacancy\Console\Commands\SyncVacancies Vacancy abpVD-9oUC7Klu1c synced successfully.  
[2026-04-02 14:39:48] local.INFO: App\Modules\Vacancy\Console\Commands\SyncVacancies Vacancy abl17ujFq10Yny58 synced successfully.  
[2026-04-02 14:39:49] local.INFO: App\Modules\Vacancy\Console\Commands\SyncVacancies Vacancy abkOGwMTKlUcyazx synced successfully.  
[2026-04-02 14:39:49] local.INFO: App\Modules\Vacancy\Console\Commands\SyncVacancies Vacancy abfb8FG4oj-7YBZT synced successfully.  
[2026-04-02 14:39:50] local.INFO: App\Modules\Vacancy\Console\Commands\SyncVacancies Vacancy abQDzwJAspbwwJ0b synced successfully.  
[2026-04-02 14:39:50] local.INFO: App\Modules\Vacancy\Console\Commands\SyncVacancies Vacancy abPD1d5rHOPOC6Ix synced successfully.  
[2026-04-02 14:39:51] local.INFO: App\Modules\Vacancy\Console\Commands\SyncVacancies Vacancy abEz_3GRmh3PVdW5 synced successfully.  
[2026-04-02 14:39:51] local.INFO: App\Modules\Vacancy\Console\Commands\SyncVacancies Vacancy aa-2EcrR-mIwo8dv synced successfully.  
[2026-04-02 14:39:52] local.INFO: App\Modules\Vacancy\Console\Commands\SyncVacancies Vacancy aa-sY_d0RK8hurmY synced successfully.  
[2026-04-02 14:39:52] local.INFO: App\Modules\Vacancy\Console\Commands\SyncVacancies Vacancy aaqmxsVrxuUN3Pkh synced successfully.  
[2026-04-02 14:39:53] local.INFO: App\Modules\Vacancy\Console\Commands\SyncVacancies Vacancy aahMaagTTVcTL3-Z synced successfully.  
[2026-04-02 14:39:53] local.INFO: App\Modules\Vacancy\Console\Commands\SyncVacancies Vacancy aago68AVlWaonZUY synced successfully.  
[2026-04-02 14:39:54] local.INFO: App\Modules\Vacancy\Console\Commands\SyncVacancies Vacancy aaftieu6H2LMtd5H synced successfully.  
[2026-04-02 14:39:54] local.INFO: App\Modules\Vacancy\Console\Commands\SyncVacancies Vacancy aacCtRgEa_kAIMmk synced successfully.  
[2026-04-02 14:39:55] local.INFO: App\Modules\Vacancy\Console\Commands\SyncVacancies Vacancy aabd3_yfn8PNbpgY synced successfully.  
[2026-04-02 14:39:55] local.INFO: App\Modules\Vacancy\Console\Commands\SyncVacancies Vacancy aaAqspn9aa63UmXW synced successfully.  
[2026-04-02 14:39:56] local.INFO: App\Modules\Vacancy\Console\Commands\SyncVacancies Vacancy aaGU9iv9XUyDez6R synced successfully.  
[2026-04-02 14:39:56] local.INFO: App\Modules\Vacancy\Console\Commands\SyncVacancies Vacancy aaFxMnoKceJbWgju synced successfully.  
[2026-04-02 14:39:57] local.INFO: App\Modules\Vacancy\Console\Commands\SyncVacancies Vacancy aaFXwkds5ygO2qw8 synced successfully.  
[2026-04-02 14:39:57] local.INFO: App\Modules\Vacancy\Console\Commands\SyncVacancies Vacancy aaBQ5V5_Fz6ltPma synced successfully.  
[2026-04-02 14:39:58] local.INFO: App\Modules\Vacancy\Console\Commands\SyncVacancies Vacancy aZ3CrxQsCu_2obDe synced successfully.  
[2026-04-02 14:39:58] local.INFO: App\Modules\Vacancy\Console\Commands\SyncVacancies Vacancy aZgwWSuIFgCfA2TN synced successfully.  
[2026-04-02 14:39:59] local.INFO: App\Modules\Vacancy\Console\Commands\SyncVacancies Vacancy aZgRGKEaW83ToVjS synced successfully.  
[2026-04-02 14:39:59] local.INFO: App\Modules\Vacancy\Console\Commands\SyncVacancies Vacancy aZbJePsMeYo10iLC synced successfully.  
[2026-04-02 14:40:00] local.INFO: App\Modules\Vacancy\Console\Commands\SyncVacancies Vacancy aZSMMlw--R-FC7Om synced successfully.  
[2026-04-02 14:40:00] local.INFO: App\Modules\Vacancy\Console\Commands\SyncVacancies Vacancy aY8zgcNihSKz00D6 synced successfully.  
[2026-04-02 14:40:01] local.INFO: App\Modules\Vacancy\Console\Commands\SyncVacancies Vacancy aY7o1tAGoiLNe2eT synced successfully.  
[2026-04-02 14:40:02] local.INFO: App\Modules\Vacancy\Console\Commands\SyncVacancies Vacancy aY7THiHmt0A3sPQ2 synced successfully.  
[2026-04-02 14:40:02] local.INFO: App\Modules\Vacancy\Console\Commands\SyncVacancies Vacancy aY3tN8D9GmbXluOQ synced successfully.  
[2026-04-02 14:40:03] local.INFO: App\Modules\Vacancy\Console\Commands\SyncVacancies Vacancy aY3muWQ8ONAIqQti synced successfully.  
[2026-04-02 14:40:03] local.INFO: App\Modules\Vacancy\Console\Commands\SyncVacancies Vacancy aY3ikIAzR7or1XVD synced successfully.  
[2026-04-02 14:40:04] local.INFO: App\Modules\Vacancy\Console\Commands\SyncVacancies Vacancy aY3OdyjYkyzc_CQ4 synced successfully.  
[2026-04-02 14:40:04] local.INFO: App\Modules\Vacancy\Console\Commands\SyncVacancies Vacancy aYxJG90HX1ks5Wsq synced successfully.  
[2026-04-02 14:40:05] local.INFO: App\Modules\Vacancy\Console\Commands\SyncVacancies Vacancy aYHFiHVvKl8l5A-t synced successfully.  
[2026-04-02 14:40:06] local.INFO: App\Modules\Vacancy\Console\Commands\SyncVacancies Vacancy aYNQDABg0WwjXLnM synced successfully.  
[2026-04-02 14:40:06] local.INFO: App\Modules\Vacancy\Console\Commands\SyncVacancies Vacancy aYMkWhMvDBShsB8t synced successfully.  
[2026-04-02 14:40:07] local.INFO: App\Modules\Vacancy\Console\Commands\SyncVacancies Vacancy aYB12RIS9oyDj79c synced successfully.  
[2026-04-02 14:40:07] local.INFO: App\Modules\Vacancy\Console\Commands\SyncVacancies Vacancy aXiWqIyGWMKsN_9m synced successfully.  
[2026-04-02 14:40:08] local.INFO: App\Modules\Vacancy\Console\Commands\SyncVacancies Vacancy aWobnYsvRWiU7p5x synced successfully.  
[2026-04-02 14:40:08] local.INFO: App\Modules\Vacancy\Console\Commands\SyncVacancies Vacancy aWoK58WqD5g5HTNb synced successfully.  
[2026-04-02 14:40:09] local.INFO: App\Modules\Vacancy\Console\Commands\SyncVacancies Vacancy aWUcgxSC1igmbLce synced successfully.  
[2026-04-02 14:40:09] local.INFO: App\Modules\Vacancy\Console\Commands\SyncVacancies Vacancy aWEa6Q9janq_27vA synced successfully.  
[2026-04-02 14:40:10] local.INFO: App\Modules\Vacancy\Console\Commands\SyncVacancies Vacancy aWEFdVcjTfeM38xw synced successfully.  
[2026-04-02 14:40:10] local.INFO: App\Modules\Vacancy\Console\Commands\SyncVacancies Vacancy aUVlOoEpRAA1_kGx synced successfully.  
[2026-04-02 14:40:11] local.INFO: App\Modules\Vacancy\Console\Commands\SyncVacancies Vacancy aUF3uSgxoKlk8oDU synced successfully.  
[2026-04-02 14:40:12] local.INFO: App\Modules\Vacancy\Console\Commands\SyncVacancies Vacancy aTg0cc5_MsPllEVZ synced successfully.  
[2026-04-02 14:40:12] local.INFO: App\Modules\Vacancy\Console\Commands\SyncVacancies Vacancy aNECwjPOBJ3EODU8 synced successfully.  
[2026-04-02 14:40:13] local.INFO: App\Modules\Vacancy\Console\Commands\SyncVacancies Vacancy aSgmvDjCXX4itPk6 synced successfully.  
[2026-04-02 14:40:13] local.INFO: App\Modules\Vacancy\Console\Commands\SyncVacancies Vacancy aSgmCc748urMkRet synced successfully.  
[2026-04-02 14:40:14] local.INFO: App\Modules\Vacancy\Console\Commands\SyncVacancies Vacancy aSR7jupbSuSW0N7i synced successfully.  
[2026-04-02 14:40:14] local.INFO: App\Modules\Vacancy\Console\Commands\SyncVacancies Vacancy aSRqA6rTp56O2Gw2 synced successfully.  
[2026-04-02 14:40:15] local.INFO: App\Modules\Vacancy\Console\Commands\SyncVacancies Vacancy aR8c3p6xBUnwHDo5 synced successfully.  
[2026-04-02 14:40:15] local.INFO: App\Modules\Vacancy\Console\Commands\SyncVacancies Vacancy aR8XyCbDFaDDdRR4 synced successfully.  
[2026-04-02 14:40:16] local.INFO: App\Modules\Vacancy\Console\Commands\SyncVacancies Vacancy aP9DuUbZtpBShNs- synced successfully.  
[2026-04-02 14:40:16] local.INFO: App\Modules\Vacancy\Console\Commands\SyncVacancies Vacancy aPuMa5VIFlwZnCey synced successfully.  
[2026-04-02 14:40:17] local.INFO: App\Modules\Vacancy\Console\Commands\SyncVacancies Vacancy aPdq6Y6ZfuL097t6 synced successfully.  
[2026-04-02 14:40:17] local.INFO: App\Modules\Vacancy\Console\Commands\SyncVacancies Vacancy aON8qy-FoKLfJhSU synced successfully.  
[2026-04-02 14:40:18] local.INFO: App\Modules\Vacancy\Console\Commands\SyncVacancies Vacancy aNUOHrs8l5CQop69 synced successfully.  
[2026-04-02 14:40:18] local.INFO: App\Modules\Vacancy\Console\Commands\SyncVacancies Vacancy aNT5_6pHHlKriL7b synced successfully.  
[2026-04-02 14:40:19] local.INFO: App\Modules\Vacancy\Console\Commands\SyncVacancies Vacancy aNO0eG5DyYeFz6Cu synced successfully.  
[2026-04-02 14:40:19] local.INFO: App\Modules\Vacancy\Console\Commands\SyncVacancies Vacancy aMf_BeqTNj8VTJMw synced successfully.  
[2026-04-02 14:40:20] local.INFO: App\Modules\Vacancy\Console\Commands\SyncVacancies Vacancy aMGDxGT6lCUsUGei synced successfully.  
[2026-04-02 14:40:20] local.INFO: App\Modules\Vacancy\Console\Commands\SyncVacancies Vacancy aME_9nO-EEBmIUCf synced successfully.  
[2026-04-02 14:40:21] local.INFO: App\Modules\Vacancy\Console\Commands\SyncVacancies Vacancy aMA4g1QjfUbxOe57 synced successfully.  
[2026-04-02 14:40:21] local.INFO: App\Modules\Vacancy\Console\Commands\SyncVacancies Vacancy aMAmNBjhaZ8fCiVu synced successfully.  
[2026-04-02 14:40:22] local.INFO: App\Modules\Vacancy\Console\Commands\SyncVacancies Vacancy aK62jbxHrioaVgm- synced successfully.  
[2026-04-02 14:40:22] local.INFO: App\Modules\Vacancy\Console\Commands\SyncVacancies Vacancy aK1l2u3tiu0EhWRL synced successfully.  
[2026-04-02 14:40:23] local.INFO: App\Modules\Vacancy\Console\Commands\SyncVacancies Vacancy aKgXH_Ei7PYJbFIA synced successfully.  
[2026-04-02 14:40:23] local.INFO: App\Modules\Vacancy\Console\Commands\SyncVacancies Vacancy aJsODuyfCnettb-o synced successfully.  
[2026-04-02 14:40:24] local.INFO: App\Modules\Vacancy\Console\Commands\SyncVacancies Vacancy aJnii6bscRgaecUE synced successfully.  
[2026-04-02 14:40:24] local.INFO: App\Modules\Vacancy\Console\Commands\SyncVacancies Vacancy aIoURyjiywJd23fx synced successfully.  
[2026-04-02 14:40:25] local.INFO: App\Modules\Vacancy\Console\Commands\SyncVacancies Vacancy aIyet4MxIbKe-hip synced successfully.  
[2026-04-02 14:40:25] local.INFO: App\Modules\Vacancy\Console\Commands\SyncVacancies Vacancy aH5VWxVG476VzplB synced successfully.  
[2026-04-02 14:40:26] local.INFO: App\Modules\Vacancy\Console\Commands\SyncVacancies Vacancy aFu1QXEnP2AjDUhe synced successfully.  
[2026-04-02 14:40:26] local.INFO: App\Modules\Vacancy\Console\Commands\SyncVacancies Vacancy aFK4mN1Ioo_gnd8A synced successfully.  
[2026-04-02 14:40:27] local.INFO: App\Modules\Vacancy\Console\Commands\SyncVacancies Vacancy ZxJfrZE6vzAc2ape synced successfully.  
[2026-04-02 14:40:28] local.INFO: App\Modules\Vacancy\Console\Commands\SyncVacancies Vacancy Zx_blWUTTdehCP6u synced successfully.  
[2026-04-02 14:40:28] local.INFO: App\Modules\Vacancy\Console\Commands\SyncVacancies Vacancy ZrYKbw-8AIEv4Jbb synced successfully.  
[2026-04-02 14:40:29] local.INFO: App\Modules\Vacancy\Console\Commands\SyncVacancies Vacancy Z6xZ47vqMaQhZEYR synced successfully.  
[2026-04-02 14:40:29] local.INFO: App\Modules\Vacancy\Console\Commands\SyncVacancies Vacancy Y9KMNZDASDskafm- synced successfully.  
[2026-04-02 14:40:29] local.INFO: App\Modules\Vacancy\Console\Commands\SyncVacancies done:2026-04-02 14:40:29  
